<?xml version="1.0" encoding="UTF-8"?>
<coverage generated="1707316400406" clover="3.2.0">
  <project timestamp="1707316400407" name="All files">
    <metrics statements="34" coveredstatements="34" conditionals="41" coveredconditionals="38" methods="5" coveredmethods="5" elements="80" coveredelements="77" complexity="0" loc="34" ncloc="34" packages="2" files="3" classes="3"/>
    <package name="commands">
      <metrics statements="29" coveredstatements="29" conditionals="7" coveredconditionals="5" methods="4" coveredmethods="4"/>
      <file name="create-project.ts" path="C:\Users\sapna.manokar\personalcfa\lib\commands\create-project.ts">
        <metrics statements="9" coveredstatements="9" conditionals="4" coveredconditionals="2" methods="1" coveredmethods="1"/>
        <line num="2" count="1" type="stmt"/>
        <line num="3" count="1" type="stmt"/>
        <line num="5" count="1" type="stmt"/>
        <line num="6" count="1" type="stmt"/>
        <line num="8" count="1" type="cond" truecount="2" falsecount="2"/>
        <line num="10" count="1" type="stmt"/>
        <line num="12" count="1" type="stmt"/>
        <line num="14" count="1" type="stmt"/>
        <line num="16" count="1" type="stmt"/>
      </file>
      <file name="template-handler.ts" path="C:\Users\sapna.manokar\personalcfa\lib\commands\template-handler.ts">
        <metrics statements="20" coveredstatements="20" conditionals="3" coveredconditionals="3" methods="3" coveredmethods="3"/>
        <line num="1" count="1" type="stmt"/>
        <line num="3" count="1" type="stmt"/>
        <line num="4" count="1" type="stmt"/>
        <line num="5" count="1" type="stmt"/>
        <line num="7" count="1" type="stmt"/>
        <line num="9" count="1" type="stmt"/>
        <line num="10" count="1" type="stmt"/>
        <line num="12" count="1" type="cond" truecount="1" falsecount="0"/>
        <line num="13" count="1" type="stmt"/>
        <line num="16" count="1" type="cond" truecount="1" falsecount="0"/>
        <line num="17" count="1" type="stmt"/>
        <line num="19" count="1" type="stmt"/>
        <line num="23" count="1" type="stmt"/>
        <line num="26" count="1" type="stmt"/>
        <line num="27" count="1" type="stmt"/>
        <line num="28" count="1" type="stmt"/>
        <line num="31" count="1" type="stmt"/>
        <line num="32" count="1" type="cond" truecount="1" falsecount="0"/>
        <line num="33" count="1" type="stmt"/>
        <line num="34" count="1" type="stmt"/>
      </file>
    </package>
    <package name="utils">
      <metrics statements="5" coveredstatements="5" conditionals="34" coveredconditionals="33" methods="1" coveredmethods="1"/>
      <file name="create-input.ts" path="C:\Users\sapna.manokar\personalcfa\lib\utils\create-input.ts">
        <metrics statements="5" coveredstatements="5" conditionals="34" coveredconditionals="33" methods="1" coveredmethods="1"/>
        <line num="3" count="1" type="stmt"/>
        <line num="4" count="2" type="stmt"/>
        <line num="5" count="2" type="cond" truecount="2" falsecount="0"/>
        <line num="6" count="2" type="cond" truecount="1" falsecount="1"/>
        <line num="7" count="2" type="stmt"/>
      </file>
    </package>
  </project>
</coverage>
