{"C:\\Users\\sapna.manokar\\personalcfa\\lib\\commands\\create-project.ts": {"path":"C:\\Users\\sapna.manokar\\personalcfa\\lib\\commands\\create-project.ts","statementMap":{"0":{"start":{"line":2,"column":0},"end":{"line":2,"column":77}},"1":{"start":{"line":3,"column":0},"end":{"line":3,"column":79}},"2":{"start":{"line":6,"column":36},"end":{"line":6,"column":41}},"3":{"start":{"line":8,"column":23},"end":{"line":8,"column":96}},"4":{"start":{"line":10,"column":2},"end":{"line":10,"column":33}},"5":{"start":{"line":12,"column":2},"end":{"line":12,"column":47}},"6":{"start":{"line":14,"column":2},"end":{"line":14,"column":32}},"7":{"start":{"line":16,"column":2},"end":{"line":16,"column":9}},"8":{"start":{"line":5,"column":0},"end":{"line":5,"column":7}}},"fnMap":{"0":{"name":"createProject","decl":{"start":{"line":5,"column":22},"end":{"line":5,"column":35}},"loc":{"start":{"line":5,"column":57},"end":{"line":17,"column":1}}}},"branchMap":{"0":{"loc":{"start":{"line":8,"column":43},"end":{"line":8,"column":66}},"type":"binary-expr","locations":[{"start":{"line":8,"column":43},"end":{"line":8,"column":58}},{"start":{"line":8,"column":62},"end":{"line":8,"column":66}}]},"1":{"loc":{"start":{"line":8,"column":68},"end":{"line":8,"column":95}},"type":"binary-expr","locations":[{"start":{"line":8,"column":68},"end":{"line":8,"column":72}},{"start":{"line":8,"column":76},"end":{"line":8,"column":95}}]}},"s":{"0":1,"1":1,"2":1,"3":1,"4":1,"5":1,"6":1,"7":1,"8":1},"f":{"0":1},"b":{"0":[1,0],"1":[1,0]}}
,"C:\\Users\\sapna.manokar\\personalcfa\\lib\\commands\\template-handler.ts": {"path":"C:\\Users\\sapna.manokar\\personalcfa\\lib\\commands\\template-handler.ts","statementMap":{"0":{"start":{"line":1,"column":0},"end":{"line":1,"column":37}},"1":{"start":{"line":3,"column":0},"end":{"line":3,"column":79}},"2":{"start":{"line":4,"column":0},"end":{"line":4,"column":24}},"3":{"start":{"line":5,"column":0},"end":{"line":5,"column":30}},"4":{"start":{"line":7,"column":15},"end":{"line":7,"column":23}},"5":{"start":{"line":10,"column":28},"end":{"line":10,"column":64}},"6":{"start":{"line":12,"column":2},"end":{"line":14,"column":3}},"7":{"start":{"line":13,"column":4},"end":{"line":13,"column":74}},"8":{"start":{"line":16,"column":2},"end":{"line":18,"column":3}},"9":{"start":{"line":17,"column":4},"end":{"line":17,"column":52}},"10":{"start":{"line":19,"column":24},"end":{"line":21,"column":31}},"11":{"start":{"line":23,"column":2},"end":{"line":23,"column":62}},"12":{"start":{"line":9,"column":0},"end":{"line":9,"column":7}},"13":{"start":{"line":27,"column":19},"end":{"line":27,"column":35}},"14":{"start":{"line":28,"column":2},"end":{"line":28,"column":24}},"15":{"start":{"line":26,"column":0},"end":{"line":26,"column":7}},"16":{"start":{"line":32,"column":2},"end":{"line":35,"column":3}},"17":{"start":{"line":33,"column":23},"end":{"line":33,"column":62}},"18":{"start":{"line":34,"column":28},"end":{"line":34,"column":95}},"19":{"start":{"line":31,"column":0},"end":{"line":31,"column":7}}},"fnMap":{"0":{"name":"buildTemplate","decl":{"start":{"line":9,"column":22},"end":{"line":9,"column":35}},"loc":{"start":{"line":9,"column":79},"end":{"line":24,"column":1}}},"1":{"name":"renderTemplate","decl":{"start":{"line":26,"column":22},"end":{"line":26,"column":36}},"loc":{"start":{"line":26,"column":75},"end":{"line":29,"column":1}}},"2":{"name":"moveTemplate","decl":{"start":{"line":31,"column":22},"end":{"line":31,"column":34}},"loc":{"start":{"line":31,"column":82},"end":{"line":36,"column":1}}}},"branchMap":{"0":{"loc":{"start":{"line":12,"column":2},"end":{"line":14,"column":3}},"type":"if","locations":[{"start":{"line":12,"column":2},"end":{"line":14,"column":3}}]},"1":{"loc":{"start":{"line":16,"column":2},"end":{"line":18,"column":3}},"type":"if","locations":[{"start":{"line":16,"column":2},"end":{"line":18,"column":3}}]},"2":{"loc":{"start":{"line":32,"column":2},"end":{"line":35,"column":3}},"type":"if","locations":[{"start":{"line":32,"column":2},"end":{"line":35,"column":3}}]}},"s":{"0":1,"1":1,"2":1,"3":1,"4":1,"5":1,"6":1,"7":1,"8":1,"9":1,"10":1,"11":1,"12":1,"13":1,"14":1,"15":1,"16":1,"17":1,"18":1,"19":1},"f":{"0":1,"1":1,"2":1},"b":{"0":[1],"1":[1],"2":[1]}}
,"C:\\Users\\sapna.manokar\\personalcfa\\lib\\utils\\create-input.ts": {"path":"C:\\Users\\sapna.manokar\\personalcfa\\lib\\utils\\create-input.ts","statementMap":{"0":{"start":{"line":4,"column":2},"end":{"line":4,"column":51}},"1":{"start":{"line":5,"column":21},"end":{"line":5,"column":63}},"2":{"start":{"line":6,"column":21},"end":{"line":6,"column":63}},"3":{"start":{"line":7,"column":2},"end":{"line":24,"column":4}},"4":{"start":{"line":3,"column":0},"end":{"line":3,"column":16}}},"fnMap":{"0":{"name":"createInput","decl":{"start":{"line":3,"column":16},"end":{"line":3,"column":27}},"loc":{"start":{"line":3,"column":67},"end":{"line":25,"column":1}}}},"branchMap":{"0":{"loc":{"start":{"line":5,"column":21},"end":{"line":5,"column":63}},"type":"cond-expr","locations":[{"start":{"line":5,"column":45},"end":{"line":5,"column":58}},{"start":{"line":5,"column":61},"end":{"line":5,"column":63}}]},"1":{"loc":{"start":{"line":6,"column":21},"end":{"line":6,"column":63}},"type":"cond-expr","locations":[{"start":{"line":6,"column":45},"end":{"line":6,"column":58}},{"start":{"line":6,"column":61},"end":{"line":6,"column":63}}]},"2":{"loc":{"start":{"line":9,"column":11},"end":{"line":9,"column":30}},"type":"binary-expr","locations":[{"start":{"line":9,"column":11},"end":{"line":9,"column":24}},{"start":{"line":9,"column":28},"end":{"line":9,"column":30}}]},"3":{"loc":{"start":{"line":10,"column":21},"end":{"line":10,"column":52}},"type":"binary-expr","locations":[{"start":{"line":10,"column":21},"end":{"line":10,"column":44}},{"start":{"line":10,"column":48},"end":{"line":10,"column":52}}]},"4":{"loc":{"start":{"line":11,"column":14},"end":{"line":11,"column":38}},"type":"binary-expr","locations":[{"start":{"line":11,"column":14},"end":{"line":11,"column":24}},{"start":{"line":11,"column":28},"end":{"line":11,"column":38}}]},"5":{"loc":{"start":{"line":12,"column":17},"end":{"line":12,"column":45}},"type":"binary-expr","locations":[{"start":{"line":12,"column":17},"end":{"line":12,"column":36}},{"start":{"line":12,"column":40},"end":{"line":12,"column":45}}]},"6":{"loc":{"start":{"line":13,"column":21},"end":{"line":13,"column":53}},"type":"binary-expr","locations":[{"start":{"line":13,"column":21},"end":{"line":13,"column":44}},{"start":{"line":13,"column":48},"end":{"line":13,"column":53}}]},"7":{"loc":{"start":{"line":14,"column":16},"end":{"line":14,"column":43}},"type":"binary-expr","locations":[{"start":{"line":14,"column":16},"end":{"line":14,"column":34}},{"start":{"line":14,"column":38},"end":{"line":14,"column":43}}]},"8":{"loc":{"start":{"line":15,"column":16},"end":{"line":15,"column":43}},"type":"binary-expr","locations":[{"start":{"line":15,"column":16},"end":{"line":15,"column":34}},{"start":{"line":15,"column":38},"end":{"line":15,"column":43}}]},"9":{"loc":{"start":{"line":16,"column":21},"end":{"line":16,"column":53}},"type":"binary-expr","locations":[{"start":{"line":16,"column":21},"end":{"line":16,"column":44}},{"start":{"line":16,"column":48},"end":{"line":16,"column":53}}]},"10":{"loc":{"start":{"line":17,"column":27},"end":{"line":17,"column":69}},"type":"binary-expr","locations":[{"start":{"line":17,"column":27},"end":{"line":17,"column":56}},{"start":{"line":17,"column":60},"end":{"line":17,"column":69}}]},"11":{"loc":{"start":{"line":18,"column":12},"end":{"line":18,"column":41}},"type":"binary-expr","locations":[{"start":{"line":18,"column":12},"end":{"line":18,"column":26}},{"start":{"line":18,"column":30},"end":{"line":18,"column":41}}]},"12":{"loc":{"start":{"line":19,"column":19},"end":{"line":19,"column":46}},"type":"binary-expr","locations":[{"start":{"line":19,"column":19},"end":{"line":19,"column":40}},{"start":{"line":19,"column":44},"end":{"line":19,"column":46}}]},"13":{"loc":{"start":{"line":20,"column":19},"end":{"line":20,"column":50}},"type":"binary-expr","locations":[{"start":{"line":20,"column":19},"end":{"line":20,"column":40}},{"start":{"line":20,"column":44},"end":{"line":20,"column":50}}]},"14":{"loc":{"start":{"line":21,"column":12},"end":{"line":21,"column":35}},"type":"binary-expr","locations":[{"start":{"line":21,"column":12},"end":{"line":21,"column":26}},{"start":{"line":21,"column":30},"end":{"line":21,"column":35}}]},"15":{"loc":{"start":{"line":22,"column":19},"end":{"line":22,"column":49}},"type":"binary-expr","locations":[{"start":{"line":22,"column":19},"end":{"line":22,"column":40}},{"start":{"line":22,"column":44},"end":{"line":22,"column":49}}]},"16":{"loc":{"start":{"line":23,"column":19},"end":{"line":23,"column":49}},"type":"binary-expr","locations":[{"start":{"line":23,"column":19},"end":{"line":23,"column":40}},{"start":{"line":23,"column":44},"end":{"line":23,"column":49}}]}},"s":{"0":2,"1":2,"2":2,"3":2,"4":1},"f":{"0":2},"b":{"0":[1,1],"1":[0,2],"2":[2,1],"3":[2,1],"4":[2,1],"5":[2,1],"6":[2,2],"7":[2,2],"8":[2,2],"9":[2,2],"10":[2,2],"11":[2,2],"12":[2,2],"13":[2,2],"14":[2,2],"15":[2,1],"16":[2,2]}}
}
