TN:
SF:lib\commands\create-project.ts
FN:5,createProject
FNF:1
FNH:1
FNDA:1,createProject
DA:2,1
DA:3,1
DA:5,1
DA:6,1
DA:8,1
DA:10,1
DA:12,1
DA:14,1
DA:16,1
LF:9
LH:9
BRDA:8,0,0,1
BRDA:8,0,1,0
BRDA:8,1,0,1
BRDA:8,1,1,0
BRF:4
BRH:2
end_of_record
TN:
SF:lib\commands\template-handler.ts
FN:9,buildTemplate
FN:26,renderTemplate
FN:31,moveTemplate
FNF:3
FNH:3
FNDA:1,buildTemplate
FNDA:1,renderTemplate
FNDA:1,moveTemplate
DA:1,1
DA:3,1
DA:4,1
DA:5,1
DA:7,1
DA:9,1
DA:10,1
DA:12,1
DA:13,1
DA:16,1
DA:17,1
DA:19,1
DA:23,1
DA:26,1
DA:27,1
DA:28,1
DA:31,1
DA:32,1
DA:33,1
DA:34,1
LF:20
LH:20
BRDA:12,0,0,1
BRDA:16,1,0,1
BRDA:32,2,0,1
BRF:3
BRH:3
end_of_record
TN:
SF:lib\utils\create-input.ts
FN:3,createInput
FNF:1
FNH:1
FNDA:2,createInput
DA:3,1
DA:4,2
DA:5,2
DA:6,2
DA:7,2
LF:5
LH:5
BRDA:5,0,0,1
BRDA:5,0,1,1
BRDA:6,1,0,0
BRDA:6,1,1,2
BRDA:9,2,0,2
BRDA:9,2,1,1
BRDA:10,3,0,2
BRDA:10,3,1,1
BRDA:11,4,0,2
BRDA:11,4,1,1
BRDA:12,5,0,2
BRDA:12,5,1,1
BRDA:13,6,0,2
BRDA:13,6,1,2
BRDA:14,7,0,2
BRDA:14,7,1,2
BRDA:15,8,0,2
BRDA:15,8,1,2
BRDA:16,9,0,2
BRDA:16,9,1,2
BRDA:17,10,0,2
BRDA:17,10,1,2
BRDA:18,11,0,2
BRDA:18,11,1,2
BRDA:19,12,0,2
BRDA:19,12,1,2
BRDA:20,13,0,2
BRDA:20,13,1,2
BRDA:21,14,0,2
BRDA:21,14,1,2
BRDA:22,15,0,2
BRDA:22,15,1,1
BRDA:23,16,0,2
BRDA:23,16,1,2
BRF:34
BRH:33
end_of_record
